# configure exec: ./configure --prefix=/Users/arjunts/Documents/react-node-projects/Kafka/node-kafka-producer-consumer/node_modules/node-rdkafka/build/deps --libdir=/Users/arjunts/Documents/react-node-projects/Kafka/node-kafka-producer-consumer/node_modules/node-rdkafka/build/deps --prefix=/Users/arjunts/Documents/react-node-projects/Kafka/node-kafka-producer-consumer/node_modules/node-rdkafka/build/deps --libdir=/Users/arjunts/Documents/react-node-projects/Kafka/node-kafka-producer-consumer/node_modules/node-rdkafka/build/deps
# On Sun Mar 10 13:35:23 IST 2024
DBG 13589: Setting distro (distro) status to ok (action ignore)
DBG 13589: ccenv: WITH_CC:  --version failed: mklove/modules/configure.base: line 1824: --version: command not found
DBG 13589: Setting ccenv (ccenv) status to failed (action cont)
DBG 13589: Check ccenv (WITH_CC, action cont (originally cont)) failed: command ' --version' failed:
mklove/modules/configure.base: line 1824: --version: command not found
DBG 13589: Setting gcc (gcc) status to ok (action cont)
DBG 13589: cxxenv: WITH_CXX:  --version failed: mklove/modules/configure.base: line 1824: --version: command not found
DBG 13589: Setting cxxenv (cxxenv) status to failed (action cont)
DBG 13589: Check cxxenv (WITH_CXX, action cont (originally cont)) failed: command ' --version' failed:
mklove/modules/configure.base: line 1824: --version: command not found
DBG 13589: Setting gxx (gxx) status to ok (action cont)
DBG 13589: Setting ld (ld) status to ok (action disable)
DBG 13589: Setting nm (nm) status to ok (action disable)
DBG 13589: Setting objdump (objdump) status to ok (action disable)
DBG 13589: Setting strip (strip) status to ok (action disable)
DBG 13589: Setting libtool (libtool) status to ok (action disable)
DBG 13589: Setting ranlib (ranlib) status to ok (action disable)
DBG 13589: Compile check cc_g_dwarf () (sub=0): gcc  -I/usr/local/opt/openssl@3/include -Wall -Werror _mkltmpDTBmFt.c -o _mkltmpDTBmFt.c.o  -L/usr/local/opt/openssl@3/lib -L/Users/arjunts/Documents/react-node-projects/Kafka/node-kafka-producer-consumer/node_modules/node-rdkafka/build/deps -gstrict-dwarf 
DBG 13589: Setting cc_g_dwarf (cc_g_dwarf) status to ok (action cont)
DBG 13589: Setting pkgconfig (pkgconfig) status to ok (action cont)
DBG 13589: install: WITH_INSTALL: /usr/bin/install --version failed: /usr/bin/install: illegal option -- -
usage: install [-bCcpSsv] [-B suffix] [-f flags] [-g group] [-m mode]
               [-o owner] file1 file2
       install [-bCcpSsv] [-B suffix] [-f flags] [-g group] [-m mode]
               [-o owner] file1 ... fileN directory
       install -d [-v] [-g group] [-m mode] [-o owner] directory ...
DBG 13589: Setting install (install) status to failed (action cont)
DBG 13589: Check install (WITH_INSTALL, action cont (originally cont)) failed: command '/usr/bin/install --version' failed:
/usr/bin/install: illegal option -- -
usage: install [-bCcpSsv] [-B suffix] [-f flags] [-g group] [-m mode]
               [-o owner] file1 file2
       install [-bCcpSsv] [-B suffix] [-f flags] [-g group] [-m mode]
               [-o owner] file1 ... fileN directory
       install -d [-v] [-g group] [-m mode] [-o owner] directory ...
DBG 13589: gnuar: HAS_GNU_AR: ar -V 2>/dev/null | grep -q GNU failed: ar: one of options -dmpqrtsx is required
usage:  ar -d [-TLsv] archive file ...
	ar -m [-TLsv] archive file ...
	ar -m [-abiTLsv] position archive file ...
	ar -p [-TLsv] archive [file ...]
	ar -q [-cTLsv] archive file ...
	ar -r [-cuTLsv] archive file ...
	ar -r [-abciuTLsv] position archive file ...
	ar -t [-TLsv] archive [file ...]
	ar -x [-ouTLsv] archive [file ...]
DBG 13589: Setting gnuar (gnuar) status to failed (action disable)
DBG 13589: Check gnuar (HAS_GNU_AR, action disable (originally disable)) failed: command 'ar -V 2>/dev/null | grep -q GNU' failed:
ar: one of options -dmpqrtsx is required
usage:  ar -d [-TLsv] archive file ...
	ar -m [-TLsv] archive file ...
	ar -m [-abiTLsv] position archive file ...
	ar -p [-TLsv] archive [file ...]
	ar -q [-cTLsv] archive file ...
	ar -r [-cuTLsv] archive file ...
	ar -r [-abciuTLsv] position archive file ...
	ar -t [-TLsv] archive [file ...]
	ar -x [-ouTLsv] archive [file ...]
DBG 13589: Compile check PIC (HAVE_PIC) (sub=0): gcc  -I/usr/local/opt/openssl@3/include -gstrict-dwarf -O2 -Wall -Werror _mkltmpYb42zT.c -o _mkltmpYb42zT.c.o  -L/usr/local/opt/openssl@3/lib -L/Users/arjunts/Documents/react-node-projects/Kafka/node-kafka-producer-consumer/node_modules/node-rdkafka/build/deps -fPIC 
DBG 13589: Setting PIC (PIC) status to ok (action disable)
DBG 13589: Compile check gnulib (WITH_GNULD) (sub=0): gcc  -I/usr/local/opt/openssl@3/include -gstrict-dwarf -O2 -fPIC -Wall -Werror _mkltmpHRNGD6.c -o _mkltmpHRNGD6.c.o  -L/usr/local/opt/openssl@3/lib -L/Users/arjunts/Documents/react-node-projects/Kafka/node-kafka-producer-consumer/node_modules/node-rdkafka/build/deps -shared -Wl,-soname,mkltest.0 
DBG 13589: compile check for gnulib (WITH_GNULD) failed: gcc  -I/usr/local/opt/openssl@3/include -gstrict-dwarf -O2 -fPIC -Wall -Werror _mkltmpHRNGD6.c -o _mkltmpHRNGD6.c.o  -L/usr/local/opt/openssl@3/lib -L/Users/arjunts/Documents/react-node-projects/Kafka/node-kafka-producer-consumer/node_modules/node-rdkafka/build/deps -shared -Wl,-soname,mkltest.0 : ld: unknown options: -soname 
clang: error: linker command failed with exit code 1 (use -v to see invocation)
DBG 13589: Setting gnulib (gnulib) status to failed (action cont)
DBG 13589: Check gnulib (WITH_GNULD, action cont (originally cont)) failed: compile check failed:
CC: CC
flags: -shared -Wl,-soname,mkltest.0
gcc  -I/usr/local/opt/openssl@3/include -gstrict-dwarf -O2 -fPIC -Wall -Werror _mkltmpHRNGD6.c -o _mkltmpHRNGD6.c.o  -L/usr/local/opt/openssl@3/lib -L/Users/arjunts/Documents/react-node-projects/Kafka/node-kafka-producer-consumer/node_modules/node-rdkafka/build/deps -shared -Wl,-soname,mkltest.0 :
ld: unknown options: -soname 
clang: error: linker command failed with exit code 1 (use -v to see invocation)
source: 
DBG 13589: Compile check osxlib (WITH_OSXLD) (sub=0): gcc  -I/usr/local/opt/openssl@3/include -gstrict-dwarf -O2 -fPIC -Wall -Werror _mkltmp9fGHPv.c -o _mkltmp9fGHPv.c.o  -L/usr/local/opt/openssl@3/lib -L/Users/arjunts/Documents/react-node-projects/Kafka/node-kafka-producer-consumer/node_modules/node-rdkafka/build/deps -dynamiclib -Wl,-install_name,/tmp/mkltest.so.0 
DBG 13589: Setting osxlib (osxlib) status to ok (action cont)
DBG 13589: Compile check ldsflagvs () (sub=0): gcc  -I/usr/local/opt/openssl@3/include -gstrict-dwarf -O2 -fPIC -Wall -Werror _mkltmpxIn3tU.c -o _mkltmpxIn3tU.c.o  -L/usr/local/opt/openssl@3/lib -L/Users/arjunts/Documents/react-node-projects/Kafka/node-kafka-producer-consumer/node_modules/node-rdkafka/build/deps -shared -Wl,--version-script=_mkltmprclaoZ 
DBG 13589: compile check for ldsflagvs () failed: gcc  -I/usr/local/opt/openssl@3/include -gstrict-dwarf -O2 -fPIC -Wall -Werror _mkltmpxIn3tU.c -o _mkltmpxIn3tU.c.o  -L/usr/local/opt/openssl@3/lib -L/Users/arjunts/Documents/react-node-projects/Kafka/node-kafka-producer-consumer/node_modules/node-rdkafka/build/deps -shared -Wl,--version-script=_mkltmprclaoZ : ld: unknown options: --version-script=_mkltmprclaoZ 
clang: error: linker command failed with exit code 1 (use -v to see invocation)
DBG 13589: Setting ldsflagvs (ldsflagvs) status to failed (action cont)
DBG 13589: Check ldsflagvs (, action cont (originally cont)) failed: compile check failed:
CC: CC
flags: -shared -Wl,--version-script=_mkltmprclaoZ
gcc  -I/usr/local/opt/openssl@3/include -gstrict-dwarf -O2 -fPIC -Wall -Werror _mkltmpxIn3tU.c -o _mkltmpxIn3tU.c.o  -L/usr/local/opt/openssl@3/lib -L/Users/arjunts/Documents/react-node-projects/Kafka/node-kafka-producer-consumer/node_modules/node-rdkafka/build/deps -shared -Wl,--version-script=_mkltmprclaoZ :
ld: unknown options: --version-script=_mkltmprclaoZ 
clang: error: linker command failed with exit code 1 (use -v to see invocation)
source: 
DBG 13589: Compile check ldsflagm () (sub=0): gcc  -I/usr/local/opt/openssl@3/include -gstrict-dwarf -O2 -fPIC -Wall -Werror _mkltmp9sZfN1.c -o _mkltmp9sZfN1.c.o  -L/usr/local/opt/openssl@3/lib -L/Users/arjunts/Documents/react-node-projects/Kafka/node-kafka-producer-consumer/node_modules/node-rdkafka/build/deps -shared -Wl,-M_mkltmprclaoZ 
DBG 13589: compile check for ldsflagm () failed: gcc  -I/usr/local/opt/openssl@3/include -gstrict-dwarf -O2 -fPIC -Wall -Werror _mkltmp9sZfN1.c -o _mkltmp9sZfN1.c.o  -L/usr/local/opt/openssl@3/lib -L/Users/arjunts/Documents/react-node-projects/Kafka/node-kafka-producer-consumer/node_modules/node-rdkafka/build/deps -shared -Wl,-M_mkltmprclaoZ : ld: unknown options: -M_mkltmprclaoZ 
clang: error: linker command failed with exit code 1 (use -v to see invocation)
DBG 13589: Setting ldsflagm (ldsflagm) status to failed (action ignore)
DBG 13589: Check ldsflagm (, action ignore (originally ignore)) failed: compile check failed:
CC: CC
flags: -shared -Wl,-M_mkltmprclaoZ
gcc  -I/usr/local/opt/openssl@3/include -gstrict-dwarf -O2 -fPIC -Wall -Werror _mkltmp9sZfN1.c -o _mkltmp9sZfN1.c.o  -L/usr/local/opt/openssl@3/lib -L/Users/arjunts/Documents/react-node-projects/Kafka/node-kafka-producer-consumer/node_modules/node-rdkafka/build/deps -shared -Wl,-M_mkltmprclaoZ :
ld: unknown options: -M_mkltmprclaoZ 
clang: error: linker command failed with exit code 1 (use -v to see invocation)
source: 
DBG 13589: Compile check __atomic_32 (HAVE_ATOMICS_32) (sub=0): gcc  -I/usr/local/opt/openssl@3/include -gstrict-dwarf -O2 -fPIC -Wall -Werror _mkltmpRGnvRp.c -o _mkltmpRGnvRp.c.o  -L/usr/local/opt/openssl@3/lib -L/Users/arjunts/Documents/react-node-projects/Kafka/node-kafka-producer-consumer/node_modules/node-rdkafka/build/deps  
DBG 13589: Setting __atomic_32 (__atomic_32) status to ok (action cont)
DBG 13589: Compile check __atomic_64 (HAVE_ATOMICS_64) (sub=0): gcc  -I/usr/local/opt/openssl@3/include -gstrict-dwarf -O2 -fPIC -Wall -Werror _mkltmpmXClTb.c -o _mkltmpmXClTb.c.o  -L/usr/local/opt/openssl@3/lib -L/Users/arjunts/Documents/react-node-projects/Kafka/node-kafka-producer-consumer/node_modules/node-rdkafka/build/deps  
DBG 13589: Setting __atomic_64 (__atomic_64) status to ok (action cont)
DBG 13589: Compile check socket () (sub=0): gcc  -I/usr/local/opt/openssl@3/include -gstrict-dwarf -O2 -fPIC -Wall -Wsign-compare -Wfloat-equal -Wpointer-arith -Wcast-align -Wall -Werror _mkltmpRfrbL1.c -o _mkltmpRfrbL1.c.o  -L/usr/local/opt/openssl@3/lib -L/Users/arjunts/Documents/react-node-projects/Kafka/node-kafka-producer-consumer/node_modules/node-rdkafka/build/deps  
DBG 13589: Setting socket (socket) status to ok (action cont)
DBG 13589: Setting parseversion (parseversion) status to ok (action cont)
DBG 13589: pkg-config check librt for CFLAGS (): pkg-config --short-errors --cflags librt
DBG 13589: 'pkg-config --short-errors --cflags librt' failed: No package 'librt' found
DBG 13589: Setting librt_PKGCONFIG (librt_PKGCONFIG) status to failed (action cont)
DBG 13589: Check librt_PKGCONFIG (, action cont (originally cont)) failed: 'pkg-config --short-errors --cflags librt' failed:
No package 'librt' found
DBG 13589: librt: Check for static library (libs -lrt, arfile variable STATIC_LIB_librt=, static filenames )
DBG 13589: Compile check librt () (sub=0): gcc  -I/usr/local/opt/openssl@3/include -gstrict-dwarf -O2 -fPIC -Wall -Wsign-compare -Wfloat-equal -Wpointer-arith -Wcast-align -Wall -Werror _mkltmpXiPAiO.c -o _mkltmpXiPAiO.c.o  -L/usr/local/opt/openssl@3/lib -L/Users/arjunts/Documents/react-node-projects/Kafka/node-kafka-producer-consumer/node_modules/node-rdkafka/build/deps -lrt 
DBG 13589: compile check for librt () failed: gcc  -I/usr/local/opt/openssl@3/include -gstrict-dwarf -O2 -fPIC -Wall -Wsign-compare -Wfloat-equal -Wpointer-arith -Wcast-align -Wall -Werror _mkltmpXiPAiO.c -o _mkltmpXiPAiO.c.o  -L/usr/local/opt/openssl@3/lib -L/Users/arjunts/Documents/react-node-projects/Kafka/node-kafka-producer-consumer/node_modules/node-rdkafka/build/deps -lrt : ld: library 'rt' not found
clang: error: linker command failed with exit code 1 (use -v to see invocation)
DBG 13589: Setting librt (librt) status to failed (action cont)
DBG 13589: Check librt (, action cont (originally cont)) failed: compile check failed:
CC: CC
flags: -lrt
gcc  -I/usr/local/opt/openssl@3/include -gstrict-dwarf -O2 -fPIC -Wall -Wsign-compare -Wfloat-equal -Wpointer-arith -Wcast-align -Wall -Werror _mkltmpXiPAiO.c -o _mkltmpXiPAiO.c.o  -L/usr/local/opt/openssl@3/lib -L/Users/arjunts/Documents/react-node-projects/Kafka/node-kafka-producer-consumer/node_modules/node-rdkafka/build/deps -lrt :
ld: library 'rt' not found
clang: error: linker command failed with exit code 1 (use -v to see invocation)
source: 
DBG 13589: pkg-config check libpthread for CFLAGS (): pkg-config --short-errors --cflags libpthread
DBG 13589: 'pkg-config --short-errors --cflags libpthread' failed: No package 'libpthread' found
DBG 13589: Setting libpthread_PKGCONFIG (libpthread_PKGCONFIG) status to failed (action cont)
DBG 13589: Check libpthread_PKGCONFIG (, action cont (originally cont)) failed: 'pkg-config --short-errors --cflags libpthread' failed:
No package 'libpthread' found
DBG 13589: libpthread: Check for static library (libs -lpthread, arfile variable STATIC_LIB_libpthread=, static filenames )
DBG 13589: Compile check libpthread () (sub=0): gcc  -I/usr/local/opt/openssl@3/include -gstrict-dwarf -O2 -fPIC -Wall -Wsign-compare -Wfloat-equal -Wpointer-arith -Wcast-align -Wall -Werror _mkltmpnhK0JP.c -o _mkltmpnhK0JP.c.o  -L/usr/local/opt/openssl@3/lib -L/Users/arjunts/Documents/react-node-projects/Kafka/node-kafka-producer-consumer/node_modules/node-rdkafka/build/deps -lpthread 
DBG 13589: Setting libpthread (libpthread) status to ok (action fail)
DBG 13589: libpthread: from lib_check: LIBS: prepend -lpthread
DBG 13589: pkg-config check c11threads for CFLAGS (WITH_C11THREADS): pkg-config --short-errors --cflags c11threads
DBG 13589: 'pkg-config --short-errors --cflags c11threads' failed: No package 'c11threads' found
DBG 13589: Setting c11threads_PKGCONFIG (c11threads_PKGCONFIG) status to failed (action cont)
DBG 13589: Check c11threads_PKGCONFIG (, action cont (originally cont)) failed: 'pkg-config --short-errors --cflags c11threads' failed:
No package 'c11threads' found
DBG 13589: c11threads: Check for static library (libs -lpthread, arfile variable STATIC_LIB_c11threads=, static filenames )
DBG 13589: Compile check c11threads (WITH_C11THREADS) (sub=0): gcc  -I/usr/local/opt/openssl@3/include -gstrict-dwarf -O2 -fPIC -Wall -Wsign-compare -Wfloat-equal -Wpointer-arith -Wcast-align -Wall -Werror _mkltmp8eyy4q.c -o _mkltmp8eyy4q.c.o  -L/usr/local/opt/openssl@3/lib -L/Users/arjunts/Documents/react-node-projects/Kafka/node-kafka-producer-consumer/node_modules/node-rdkafka/build/deps -lpthread -lpthread
DBG 13589: compile check for c11threads (WITH_C11THREADS) failed: gcc  -I/usr/local/opt/openssl@3/include -gstrict-dwarf -O2 -fPIC -Wall -Wsign-compare -Wfloat-equal -Wpointer-arith -Wcast-align -Wall -Werror _mkltmp8eyy4q.c -o _mkltmp8eyy4q.c.o  -L/usr/local/opt/openssl@3/lib -L/Users/arjunts/Documents/react-node-projects/Kafka/node-kafka-producer-consumer/node_modules/node-rdkafka/build/deps -lpthread -lpthread: _mkltmp8eyy4q.c:2:10: fatal error: 'threads.h' file not found
#include <threads.h>
         ^~~~~~~~~~~
1 error generated.
DBG 13589: Setting c11threads (c11threads) status to failed (action disable)
DBG 13589: Check c11threads (WITH_C11THREADS, action disable (originally disable)) failed: compile check failed:
CC: CC
flags: -lpthread
gcc  -I/usr/local/opt/openssl@3/include -gstrict-dwarf -O2 -fPIC -Wall -Wsign-compare -Wfloat-equal -Wpointer-arith -Wcast-align -Wall -Werror _mkltmp8eyy4q.c -o _mkltmp8eyy4q.c.o  -L/usr/local/opt/openssl@3/lib -L/Users/arjunts/Documents/react-node-projects/Kafka/node-kafka-producer-consumer/node_modules/node-rdkafka/build/deps -lpthread -lpthread:
_mkltmp8eyy4q.c:2:10: fatal error: 'threads.h' file not found
#include <threads.h>
         ^~~~~~~~~~~
1 error generated.
source: 
#include <threads.h>


static int start_func (void *arg) {
   int iarg = *(int *)arg;
   return iarg;
}

void foo (void) {
    thrd_t thr;
    int arg = 1;
    if (thrd_create(&thr, start_func, (void *)&arg) != thrd_success) {
      ;
    }
}

DBG 13589: pkg-config check libdl for CFLAGS (WITH_LIBDL): pkg-config --short-errors --cflags libdl
DBG 13589: 'pkg-config --short-errors --cflags libdl' failed: No package 'libdl' found
DBG 13589: Setting libdl_PKGCONFIG (libdl_PKGCONFIG) status to failed (action cont)
DBG 13589: Check libdl_PKGCONFIG (, action cont (originally cont)) failed: 'pkg-config --short-errors --cflags libdl' failed:
No package 'libdl' found
DBG 13589: libdl: Check for static library (libs -ldl, arfile variable STATIC_LIB_libdl=, static filenames )
DBG 13589: Compile check libdl (WITH_LIBDL) (sub=0): gcc  -I/usr/local/opt/openssl@3/include -gstrict-dwarf -O2 -fPIC -Wall -Wsign-compare -Wfloat-equal -Wpointer-arith -Wcast-align -Wall -Werror _mkltmpIYCsRh.c -o _mkltmpIYCsRh.c.o  -L/usr/local/opt/openssl@3/lib -L/Users/arjunts/Documents/react-node-projects/Kafka/node-kafka-producer-consumer/node_modules/node-rdkafka/build/deps -ldl -lpthread
DBG 13589: Setting libdl (libdl) status to ok (action disable)
DBG 13589: libdl: from lib_check: LIBS: prepend -ldl
DBG 13589: pkg-config check zlib for CFLAGS (WITH_ZLIB): pkg-config --short-errors --cflags zlib
DBG 13589: pkg-config check zlib for LIBS (WITH_ZLIB): pkg-config --short-errors --libs zlib
DBG 13589: zlib: from pkg-config: CFLAGS '', LIBS '-ldl -lpthread'
DBG 13589: zlib: performing compile check using pkg-config info
DBG 13589: Compile check zlib (WITH_ZLIB) (sub=1): gcc  -I/usr/local/opt/openssl@3/include -gstrict-dwarf -O2 -fPIC -Wall -Wsign-compare -Wfloat-equal -Wpointer-arith -Wcast-align -Wall -Werror _mkltmp3Kd6aI.c -o _mkltmp3Kd6aI.c.o  -L/usr/local/opt/openssl@3/lib -L/Users/arjunts/Documents/react-node-projects/Kafka/node-kafka-producer-consumer/node_modules/node-rdkafka/build/deps  -lz -ldl -lpthread
DBG 13589: zlib: Check for static library (libs -lz, arfile variable STATIC_LIB_zlib=, static filenames libz.a)
DBG 13589: zlib: from pkg-config: LIBS: prepend -lz
DBG 13589: Setting zlib (zlib) status to ok (action cont)
DBG 13589: pkg-config check libcrypto for CFLAGS (): pkg-config --short-errors --cflags libcrypto
DBG 13589: pkg-config check libcrypto for LIBS (): pkg-config --short-errors --libs libcrypto
DBG 13589: libcrypto: from pkg-config: CFLAGS '', LIBS '-lz -ldl -lpthread'
DBG 13589: libcrypto: performing compile check using pkg-config info
DBG 13589: Compile check libcrypto () (sub=1): gcc  -I/usr/local/opt/openssl@3/include -gstrict-dwarf -O2 -fPIC -Wall -Wsign-compare -Wfloat-equal -Wpointer-arith -Wcast-align -Wall -Werror _mkltmpjC6k4q.c -o _mkltmpjC6k4q.c.o  -L/usr/local/opt/openssl@3/lib -L/Users/arjunts/Documents/react-node-projects/Kafka/node-kafka-producer-consumer/node_modules/node-rdkafka/build/deps -I/usr/local/Cellar/openssl@3/3.2.1/include -L/usr/local/Cellar/openssl@3/3.2.1/lib -lcrypto -lz -ldl -lpthread
DBG 13589: libcrypto: Check for static library (libs -L/usr/local/Cellar/openssl@3/3.2.1/lib -lcrypto, arfile variable STATIC_LIB_libcrypto=, static filenames libcrypto.a)
DBG 13589: libcrypto: from pkg-config: LIBS: prepend -L/usr/local/Cellar/openssl@3/3.2.1/lib -lcrypto
DBG 13589: Setting libcrypto (libcrypto) status to ok (action cont)
DBG 13589: pkg-config check libssl for CFLAGS (WITH_SSL): pkg-config --short-errors --cflags libssl
DBG 13589: pkg-config check libssl for LIBS (WITH_SSL): pkg-config --short-errors --libs libssl
DBG 13589: libssl: from pkg-config: CFLAGS '-I/usr/local/Cellar/openssl@3/3.2.1/include', LIBS '-L/usr/local/Cellar/openssl@3/3.2.1/lib -lcrypto -lz -ldl -lpthread'
DBG 13589: libssl: performing compile check using pkg-config info
DBG 13589: Compile check libssl (WITH_SSL) (sub=1): gcc -I/usr/local/Cellar/openssl@3/3.2.1/include -I/usr/local/opt/openssl@3/include -gstrict-dwarf -O2 -fPIC -Wall -Wsign-compare -Wfloat-equal -Wpointer-arith -Wcast-align -Wall -Werror _mkltmpL3Ddac.c -o _mkltmpL3Ddac.c.o  -L/usr/local/opt/openssl@3/lib -L/Users/arjunts/Documents/react-node-projects/Kafka/node-kafka-producer-consumer/node_modules/node-rdkafka/build/deps -I/usr/local/Cellar/openssl@3/3.2.1/include -L/usr/local/Cellar/openssl@3/3.2.1/lib -lssl -L/usr/local/Cellar/openssl@3/3.2.1/lib -lcrypto -lz -ldl -lpthread
DBG 13589: libssl: Check for static library (libs -L/usr/local/Cellar/openssl@3/3.2.1/lib -lssl, arfile variable STATIC_LIB_libssl=, static filenames libssl.a)
DBG 13589: libssl: from pkg-config: LIBS: prepend -L/usr/local/Cellar/openssl@3/3.2.1/lib -lssl
DBG 13589: Setting libssl (libssl) status to ok (action cont)
DBG 13589: Compile check libcrypto () (sub=1): gcc -I/usr/local/Cellar/openssl@3/3.2.1/include -I/usr/local/Cellar/openssl@3/3.2.1/include -I/usr/local/opt/openssl@3/include -gstrict-dwarf -O2 -fPIC -Wall -Wsign-compare -Wfloat-equal -Wpointer-arith -Wcast-align -Wall -Werror _mkltmp9XvSA0.c -o _mkltmp9XvSA0.c.o  -L/usr/local/opt/openssl@3/lib -L/Users/arjunts/Documents/react-node-projects/Kafka/node-kafka-producer-consumer/node_modules/node-rdkafka/build/deps -lcrypto -L/usr/local/Cellar/openssl@3/3.2.1/lib -lssl -L/usr/local/Cellar/openssl@3/3.2.1/lib -lcrypto -lz -ldl -lpthread
DBG 13589: compile check for libcrypto () failed: gcc -I/usr/local/Cellar/openssl@3/3.2.1/include -I/usr/local/Cellar/openssl@3/3.2.1/include -I/usr/local/opt/openssl@3/include -gstrict-dwarf -O2 -fPIC -Wall -Wsign-compare -Wfloat-equal -Wpointer-arith -Wcast-align -Wall -Werror _mkltmp9XvSA0.c -o _mkltmp9XvSA0.c.o  -L/usr/local/opt/openssl@3/lib -L/Users/arjunts/Documents/react-node-projects/Kafka/node-kafka-producer-consumer/node_modules/node-rdkafka/build/deps -lcrypto -L/usr/local/Cellar/openssl@3/3.2.1/lib -lssl -L/usr/local/Cellar/openssl@3/3.2.1/lib -lcrypto -lz -ldl -lpthread: _mkltmp9XvSA0.c:4:2: error: "OpenSSL version >= v3.0.0 needs OPENSSL_SUPPRESS_DEPRECATED"
#error "OpenSSL version >= v3.0.0 needs OPENSSL_SUPPRESS_DEPRECATED"
 ^
1 error generated.
DBG 13589: pkg-config check libsasl2 for CFLAGS (WITH_SASL_CYRUS): pkg-config --short-errors --cflags libsasl2
DBG 13589: 'pkg-config --short-errors --cflags libsasl2' failed: No package 'libsasl2' found
DBG 13589: Setting libsasl2_PKGCONFIG (libsasl2_PKGCONFIG) status to failed (action cont)
DBG 13589: Check libsasl2_PKGCONFIG (, action cont (originally cont)) failed: 'pkg-config --short-errors --cflags libsasl2' failed:
No package 'libsasl2' found
DBG 13589: libsasl2: Check for static library (libs -lsasl2, arfile variable STATIC_LIB_libsasl2=, static filenames )
DBG 13589: Compile check libsasl2 (WITH_SASL_CYRUS) (sub=0): gcc -I/usr/local/Cellar/openssl@3/3.2.1/include -I/usr/local/Cellar/openssl@3/3.2.1/include -I/usr/local/opt/openssl@3/include -gstrict-dwarf -O2 -fPIC -Wall -Wsign-compare -Wfloat-equal -Wpointer-arith -Wcast-align -Wall -Werror _mkltmpBEJxnf.c -o _mkltmpBEJxnf.c.o  -L/usr/local/opt/openssl@3/lib -L/Users/arjunts/Documents/react-node-projects/Kafka/node-kafka-producer-consumer/node_modules/node-rdkafka/build/deps -lsasl2 -L/usr/local/Cellar/openssl@3/3.2.1/lib -lssl -L/usr/local/Cellar/openssl@3/3.2.1/lib -lcrypto -lz -ldl -lpthread
DBG 13589: Setting libsasl2 (libsasl2) status to ok (action disable)
DBG 13589: libsasl2: from lib_check: LIBS: prepend -lsasl2
DBG 13589: pkg-config check libzstd for CFLAGS (WITH_ZSTD): pkg-config --short-errors --cflags libzstd
DBG 13589: pkg-config check libzstd for LIBS (WITH_ZSTD): pkg-config --short-errors --libs libzstd
DBG 13589: libzstd: from pkg-config: CFLAGS '-I/usr/local/Cellar/openssl@3/3.2.1/include -I/usr/local/Cellar/openssl@3/3.2.1/include', LIBS '-lsasl2 -L/usr/local/Cellar/openssl@3/3.2.1/lib -lssl -L/usr/local/Cellar/openssl@3/3.2.1/lib -lcrypto -lz -ldl -lpthread'
DBG 13589: libzstd: performing compile check using pkg-config info
DBG 13589: Compile check libzstd (WITH_ZSTD) (sub=1): gcc -I/usr/local/Cellar/openssl@3/3.2.1/include -I/usr/local/Cellar/openssl@3/3.2.1/include -I/usr/local/opt/openssl@3/include -gstrict-dwarf -O2 -fPIC -Wall -Wsign-compare -Wfloat-equal -Wpointer-arith -Wcast-align -Wall -Werror _mkltmp4sIntO.c -o _mkltmp4sIntO.c.o  -L/usr/local/opt/openssl@3/lib -L/Users/arjunts/Documents/react-node-projects/Kafka/node-kafka-producer-consumer/node_modules/node-rdkafka/build/deps -I/usr/local/Cellar/zstd/1.5.5/include -L/usr/local/Cellar/zstd/1.5.5/lib -lzstd -lsasl2 -L/usr/local/Cellar/openssl@3/3.2.1/lib -lssl -L/usr/local/Cellar/openssl@3/3.2.1/lib -lcrypto -lz -ldl -lpthread
DBG 13589: libzstd: Check for static library (libs -L/usr/local/Cellar/zstd/1.5.5/lib -lzstd, arfile variable STATIC_LIB_libzstd=, static filenames libzstd.a)
DBG 13589: libzstd: from pkg-config: LIBS: prepend -L/usr/local/Cellar/zstd/1.5.5/lib -lzstd
DBG 13589: Setting libzstd (libzstd) status to ok (action cont)
DBG 13589: pkg-config check libcurl for CFLAGS (WITH_CURL): pkg-config --short-errors --cflags libcurl
DBG 13589: pkg-config check libcurl for LIBS (WITH_CURL): pkg-config --short-errors --libs libcurl
DBG 13589: libcurl: from pkg-config: CFLAGS '-I/usr/local/Cellar/openssl@3/3.2.1/include -I/usr/local/Cellar/openssl@3/3.2.1/include -I/usr/local/Cellar/zstd/1.5.5/include', LIBS '-L/usr/local/Cellar/zstd/1.5.5/lib -lzstd -lsasl2 -L/usr/local/Cellar/openssl@3/3.2.1/lib -lssl -L/usr/local/Cellar/openssl@3/3.2.1/lib -lcrypto -lz -ldl -lpthread'
DBG 13589: libcurl: performing compile check using pkg-config info
DBG 13589: Compile check libcurl (WITH_CURL) (sub=1): gcc -I/usr/local/Cellar/openssl@3/3.2.1/include -I/usr/local/Cellar/openssl@3/3.2.1/include -I/usr/local/Cellar/zstd/1.5.5/include -I/usr/local/opt/openssl@3/include -gstrict-dwarf -O2 -fPIC -Wall -Wsign-compare -Wfloat-equal -Wpointer-arith -Wcast-align -Wall -Werror _mkltmpza6d72.c -o _mkltmpza6d72.c.o  -L/usr/local/opt/openssl@3/lib -L/Users/arjunts/Documents/react-node-projects/Kafka/node-kafka-producer-consumer/node_modules/node-rdkafka/build/deps  -lcurl -L/usr/local/Cellar/zstd/1.5.5/lib -lzstd -lsasl2 -L/usr/local/Cellar/openssl@3/3.2.1/lib -lssl -L/usr/local/Cellar/openssl@3/3.2.1/lib -lcrypto -lz -ldl -lpthread
DBG 13589: libcurl: Check for static library (libs -lcurl, arfile variable STATIC_LIB_libcurl=, static filenames libcurl.a)
DBG 13589: libcurl: from pkg-config: LIBS: prepend -lcurl
DBG 13589: Setting libcurl (libcurl) status to ok (action cont)
DBG 13589: pkg-config check libm for CFLAGS (): pkg-config --short-errors --cflags libm
DBG 13589: 'pkg-config --short-errors --cflags libm' failed: No package 'libm' found
DBG 13589: Setting libm_PKGCONFIG (libm_PKGCONFIG) status to failed (action cont)
DBG 13589: Check libm_PKGCONFIG (, action cont (originally cont)) failed: 'pkg-config --short-errors --cflags libm' failed:
No package 'libm' found
DBG 13589: libm: Check for static library (libs -lm, arfile variable STATIC_LIB_libm=, static filenames )
DBG 13589: Compile check libm () (sub=0): gcc -I/usr/local/Cellar/openssl@3/3.2.1/include -I/usr/local/Cellar/openssl@3/3.2.1/include -I/usr/local/Cellar/zstd/1.5.5/include -I/usr/local/opt/openssl@3/include -gstrict-dwarf -O2 -fPIC -Wall -Wsign-compare -Wfloat-equal -Wpointer-arith -Wcast-align -Wall -Werror _mkltmpLshSk5.c -o _mkltmpLshSk5.c.o  -L/usr/local/opt/openssl@3/lib -L/Users/arjunts/Documents/react-node-projects/Kafka/node-kafka-producer-consumer/node_modules/node-rdkafka/build/deps -lm -lcurl -L/usr/local/Cellar/zstd/1.5.5/lib -lzstd -lsasl2 -L/usr/local/Cellar/openssl@3/3.2.1/lib -lssl -L/usr/local/Cellar/openssl@3/3.2.1/lib -lcrypto -lz -ldl -lpthread
DBG 13589: Setting libm (libm) status to ok (action disable)
DBG 13589: libm: from lib_check: LIBS: prepend -lm
DBG 13589: pkg-config check liblz4 for CFLAGS (WITH_LZ4_EXT): pkg-config --short-errors --cflags liblz4
DBG 13589: pkg-config check liblz4 for LIBS (WITH_LZ4_EXT): pkg-config --short-errors --libs liblz4
DBG 13589: liblz4: from pkg-config: CFLAGS '-I/usr/local/Cellar/openssl@3/3.2.1/include -I/usr/local/Cellar/openssl@3/3.2.1/include -I/usr/local/Cellar/zstd/1.5.5/include ', LIBS '-lm -lcurl -L/usr/local/Cellar/zstd/1.5.5/lib -lzstd -lsasl2 -L/usr/local/Cellar/openssl@3/3.2.1/lib -lssl -L/usr/local/Cellar/openssl@3/3.2.1/lib -lcrypto -lz -ldl -lpthread'
DBG 13589: liblz4: performing compile check using pkg-config info
DBG 13589: Compile check liblz4 (WITH_LZ4_EXT) (sub=1): gcc -I/usr/local/Cellar/openssl@3/3.2.1/include -I/usr/local/Cellar/openssl@3/3.2.1/include -I/usr/local/Cellar/zstd/1.5.5/include -I/usr/local/opt/openssl@3/include -gstrict-dwarf -O2 -fPIC -Wall -Wsign-compare -Wfloat-equal -Wpointer-arith -Wcast-align -Wall -Werror _mkltmpmlNgMC.c -o _mkltmpmlNgMC.c.o  -L/usr/local/opt/openssl@3/lib -L/Users/arjunts/Documents/react-node-projects/Kafka/node-kafka-producer-consumer/node_modules/node-rdkafka/build/deps -I/usr/local/Cellar/lz4/1.9.4/include -L/usr/local/Cellar/lz4/1.9.4/lib -llz4 -lm -lcurl -L/usr/local/Cellar/zstd/1.5.5/lib -lzstd -lsasl2 -L/usr/local/Cellar/openssl@3/3.2.1/lib -lssl -L/usr/local/Cellar/openssl@3/3.2.1/lib -lcrypto -lz -ldl -lpthread
DBG 13589: liblz4: Check for static library (libs -L/usr/local/Cellar/lz4/1.9.4/lib -llz4, arfile variable STATIC_LIB_liblz4=, static filenames liblz4.a)
DBG 13589: liblz4: from pkg-config: LIBS: prepend -L/usr/local/Cellar/lz4/1.9.4/lib -llz4
DBG 13589: Setting liblz4 (liblz4) status to ok (action cont)
DBG 13589: Compile check syslog (WITH_SYSLOG) (sub=0): gcc -I/usr/local/Cellar/openssl@3/3.2.1/include -I/usr/local/Cellar/openssl@3/3.2.1/include -I/usr/local/Cellar/zstd/1.5.5/include -I/usr/local/Cellar/lz4/1.9.4/include -I/usr/local/opt/openssl@3/include -gstrict-dwarf -O2 -fPIC -Wall -Wsign-compare -Wfloat-equal -Wpointer-arith -Wcast-align -Wall -Werror _mkltmppq6J0e.c -o _mkltmppq6J0e.c.o  -L/usr/local/opt/openssl@3/lib -L/Users/arjunts/Documents/react-node-projects/Kafka/node-kafka-producer-consumer/node_modules/node-rdkafka/build/deps  -L/usr/local/Cellar/lz4/1.9.4/lib -llz4 -lm -lcurl -L/usr/local/Cellar/zstd/1.5.5/lib -lzstd -lsasl2 -L/usr/local/Cellar/openssl@3/3.2.1/lib -lssl -L/usr/local/Cellar/openssl@3/3.2.1/lib -lcrypto -lz -ldl -lpthread
DBG 13589: Setting syslog (syslog) status to ok (action disable)
DBG 13589: Compile check rapidjson (WITH_RAPIDJSON) (sub=0): g++  -I/usr/local/opt/openssl@3/include -gstrict-dwarf -O2 -fPIC -Wall -Wsign-compare -Wfloat-equal -Wpointer-arith -Wcast-align -Wall -Werror _mkltmpIL9d5t.cpp -o _mkltmpIL9d5t.cpp.o  -L/usr/local/opt/openssl@3/lib -L/Users/arjunts/Documents/react-node-projects/Kafka/node-kafka-producer-consumer/node_modules/node-rdkafka/build/deps  -L/usr/local/Cellar/lz4/1.9.4/lib -llz4 -lm -lcurl -L/usr/local/Cellar/zstd/1.5.5/lib -lzstd -lsasl2 -L/usr/local/Cellar/openssl@3/3.2.1/lib -lssl -L/usr/local/Cellar/openssl@3/3.2.1/lib -lcrypto -lz -ldl -lpthread
DBG 13589: compile check for rapidjson (WITH_RAPIDJSON) failed: g++  -I/usr/local/opt/openssl@3/include -gstrict-dwarf -O2 -fPIC -Wall -Wsign-compare -Wfloat-equal -Wpointer-arith -Wcast-align -Wall -Werror _mkltmpIL9d5t.cpp -o _mkltmpIL9d5t.cpp.o  -L/usr/local/opt/openssl@3/lib -L/Users/arjunts/Documents/react-node-projects/Kafka/node-kafka-producer-consumer/node_modules/node-rdkafka/build/deps  -L/usr/local/Cellar/lz4/1.9.4/lib -llz4 -lm -lcurl -L/usr/local/Cellar/zstd/1.5.5/lib -lzstd -lsasl2 -L/usr/local/Cellar/openssl@3/3.2.1/lib -lssl -L/usr/local/Cellar/openssl@3/3.2.1/lib -lcrypto -lz -ldl -lpthread: _mkltmpIL9d5t.cpp:1:10: fatal error: 'rapidjson/schema.h' file not found
#include <rapidjson/schema.h>
         ^~~~~~~~~~~~~~~~~~~~
1 error generated.
DBG 13589: Setting rapidjson (rapidjson) status to failed (action disable)
DBG 13589: Check rapidjson (WITH_RAPIDJSON, action disable (originally disable)) failed: compile check failed:
CC: CXX
flags: 
g++  -I/usr/local/opt/openssl@3/include -gstrict-dwarf -O2 -fPIC -Wall -Wsign-compare -Wfloat-equal -Wpointer-arith -Wcast-align -Wall -Werror _mkltmpIL9d5t.cpp -o _mkltmpIL9d5t.cpp.o  -L/usr/local/opt/openssl@3/lib -L/Users/arjunts/Documents/react-node-projects/Kafka/node-kafka-producer-consumer/node_modules/node-rdkafka/build/deps  -L/usr/local/Cellar/lz4/1.9.4/lib -llz4 -lm -lcurl -L/usr/local/Cellar/zstd/1.5.5/lib -lzstd -lsasl2 -L/usr/local/Cellar/openssl@3/3.2.1/lib -lssl -L/usr/local/Cellar/openssl@3/3.2.1/lib -lcrypto -lz -ldl -lpthread:
_mkltmpIL9d5t.cpp:1:10: fatal error: 'rapidjson/schema.h' file not found
#include <rapidjson/schema.h>
         ^~~~~~~~~~~~~~~~~~~~
1 error generated.
source: #include <rapidjson/schema.h>
DBG 13589: Compile check crc32chw (WITH_CRC32C_HW) (sub=0): gcc -I/usr/local/Cellar/openssl@3/3.2.1/include -I/usr/local/Cellar/openssl@3/3.2.1/include -I/usr/local/Cellar/zstd/1.5.5/include -I/usr/local/Cellar/lz4/1.9.4/include -I/usr/local/opt/openssl@3/include -gstrict-dwarf -O2 -fPIC -Wall -Wsign-compare -Wfloat-equal -Wpointer-arith -Wcast-align -Wall -Werror _mkltmpAJAOlh.c -o _mkltmpAJAOlh.c.o  -L/usr/local/opt/openssl@3/lib -L/Users/arjunts/Documents/react-node-projects/Kafka/node-kafka-producer-consumer/node_modules/node-rdkafka/build/deps  -L/usr/local/Cellar/lz4/1.9.4/lib -llz4 -lm -lcurl -L/usr/local/Cellar/zstd/1.5.5/lib -lzstd -lsasl2 -L/usr/local/Cellar/openssl@3/3.2.1/lib -lssl -L/usr/local/Cellar/openssl@3/3.2.1/lib -lcrypto -lz -ldl -lpthread
DBG 13589: Setting crc32chw (crc32chw) status to ok (action disable)
DBG 13589: Compile check regex (HAVE_REGEX) (sub=0): gcc -I/usr/local/Cellar/openssl@3/3.2.1/include -I/usr/local/Cellar/openssl@3/3.2.1/include -I/usr/local/Cellar/zstd/1.5.5/include -I/usr/local/Cellar/lz4/1.9.4/include -I/usr/local/opt/openssl@3/include -gstrict-dwarf -O2 -fPIC -Wall -Wsign-compare -Wfloat-equal -Wpointer-arith -Wcast-align -Wall -Werror _mkltmp8xu9bW.c -o _mkltmp8xu9bW.c.o  -L/usr/local/opt/openssl@3/lib -L/Users/arjunts/Documents/react-node-projects/Kafka/node-kafka-producer-consumer/node_modules/node-rdkafka/build/deps  -L/usr/local/Cellar/lz4/1.9.4/lib -llz4 -lm -lcurl -L/usr/local/Cellar/zstd/1.5.5/lib -lzstd -lsasl2 -L/usr/local/Cellar/openssl@3/3.2.1/lib -lssl -L/usr/local/Cellar/openssl@3/3.2.1/lib -lcrypto -lz -ldl -lpthread
DBG 13589: Setting regex (regex) status to ok (action disable)
DBG 13589: Compile check rand_r (HAVE_RAND_R) (sub=0): gcc -I/usr/local/Cellar/openssl@3/3.2.1/include -I/usr/local/Cellar/openssl@3/3.2.1/include -I/usr/local/Cellar/zstd/1.5.5/include -I/usr/local/Cellar/lz4/1.9.4/include -I/usr/local/opt/openssl@3/include -gstrict-dwarf -O2 -fPIC -Wall -Wsign-compare -Wfloat-equal -Wpointer-arith -Wcast-align -Wall -Werror _mkltmptIhPYc.c -o _mkltmptIhPYc.c.o  -L/usr/local/opt/openssl@3/lib -L/Users/arjunts/Documents/react-node-projects/Kafka/node-kafka-producer-consumer/node_modules/node-rdkafka/build/deps  -L/usr/local/Cellar/lz4/1.9.4/lib -llz4 -lm -lcurl -L/usr/local/Cellar/zstd/1.5.5/lib -lzstd -lsasl2 -L/usr/local/Cellar/openssl@3/3.2.1/lib -lssl -L/usr/local/Cellar/openssl@3/3.2.1/lib -lcrypto -lz -ldl -lpthread
DBG 13589: Setting rand_r (rand_r) status to ok (action disable)
DBG 13589: Compile check strndup (HAVE_STRNDUP) (sub=0): gcc -I/usr/local/Cellar/openssl@3/3.2.1/include -I/usr/local/Cellar/openssl@3/3.2.1/include -I/usr/local/Cellar/zstd/1.5.5/include -I/usr/local/Cellar/lz4/1.9.4/include -I/usr/local/opt/openssl@3/include -gstrict-dwarf -O2 -fPIC -Wall -Wsign-compare -Wfloat-equal -Wpointer-arith -Wcast-align -Wall -Werror _mkltmpFnL01t.c -o _mkltmpFnL01t.c.o  -L/usr/local/opt/openssl@3/lib -L/Users/arjunts/Documents/react-node-projects/Kafka/node-kafka-producer-consumer/node_modules/node-rdkafka/build/deps  -L/usr/local/Cellar/lz4/1.9.4/lib -llz4 -lm -lcurl -L/usr/local/Cellar/zstd/1.5.5/lib -lzstd -lsasl2 -L/usr/local/Cellar/openssl@3/3.2.1/lib -lssl -L/usr/local/Cellar/openssl@3/3.2.1/lib -lcrypto -lz -ldl -lpthread
DBG 13589: Setting strndup (strndup) status to ok (action disable)
DBG 13589: Compile check strlcpy (HAVE_STRLCPY) (sub=0): gcc -I/usr/local/Cellar/openssl@3/3.2.1/include -I/usr/local/Cellar/openssl@3/3.2.1/include -I/usr/local/Cellar/zstd/1.5.5/include -I/usr/local/Cellar/lz4/1.9.4/include -I/usr/local/opt/openssl@3/include -gstrict-dwarf -O2 -fPIC -Wall -Wsign-compare -Wfloat-equal -Wpointer-arith -Wcast-align -Wall -Werror _mkltmplhNfUp.c -o _mkltmplhNfUp.c.o  -L/usr/local/opt/openssl@3/lib -L/Users/arjunts/Documents/react-node-projects/Kafka/node-kafka-producer-consumer/node_modules/node-rdkafka/build/deps  -L/usr/local/Cellar/lz4/1.9.4/lib -llz4 -lm -lcurl -L/usr/local/Cellar/zstd/1.5.5/lib -lzstd -lsasl2 -L/usr/local/Cellar/openssl@3/3.2.1/lib -lssl -L/usr/local/Cellar/openssl@3/3.2.1/lib -lcrypto -lz -ldl -lpthread
DBG 13589: Setting strlcpy (strlcpy) status to ok (action disable)
DBG 13589: Compile check strerror_r (HAVE_STRERROR_R) (sub=0): gcc -I/usr/local/Cellar/openssl@3/3.2.1/include -I/usr/local/Cellar/openssl@3/3.2.1/include -I/usr/local/Cellar/zstd/1.5.5/include -I/usr/local/Cellar/lz4/1.9.4/include -I/usr/local/opt/openssl@3/include -gstrict-dwarf -O2 -fPIC -Wall -Wsign-compare -Wfloat-equal -Wpointer-arith -Wcast-align -Wall -Werror _mkltmpYJ4t75.c -o _mkltmpYJ4t75.c.o  -L/usr/local/opt/openssl@3/lib -L/Users/arjunts/Documents/react-node-projects/Kafka/node-kafka-producer-consumer/node_modules/node-rdkafka/build/deps  -L/usr/local/Cellar/lz4/1.9.4/lib -llz4 -lm -lcurl -L/usr/local/Cellar/zstd/1.5.5/lib -lzstd -lsasl2 -L/usr/local/Cellar/openssl@3/3.2.1/lib -lssl -L/usr/local/Cellar/openssl@3/3.2.1/lib -lcrypto -lz -ldl -lpthread
DBG 13589: Setting strerror_r (strerror_r) status to ok (action disable)
DBG 13589: Compile check strcasestr (HAVE_STRCASESTR) (sub=0): gcc -I/usr/local/Cellar/openssl@3/3.2.1/include -I/usr/local/Cellar/openssl@3/3.2.1/include -I/usr/local/Cellar/zstd/1.5.5/include -I/usr/local/Cellar/lz4/1.9.4/include -I/usr/local/opt/openssl@3/include -gstrict-dwarf -O2 -fPIC -Wall -Wsign-compare -Wfloat-equal -Wpointer-arith -Wcast-align -Wall -Werror _mkltmpuQQ4qP.c -o _mkltmpuQQ4qP.c.o  -L/usr/local/opt/openssl@3/lib -L/Users/arjunts/Documents/react-node-projects/Kafka/node-kafka-producer-consumer/node_modules/node-rdkafka/build/deps  -L/usr/local/Cellar/lz4/1.9.4/lib -llz4 -lm -lcurl -L/usr/local/Cellar/zstd/1.5.5/lib -lzstd -lsasl2 -L/usr/local/Cellar/openssl@3/3.2.1/lib -lssl -L/usr/local/Cellar/openssl@3/3.2.1/lib -lcrypto -lz -ldl -lpthread
DBG 13589: Setting strcasestr (strcasestr) status to ok (action disable)
DBG 13589: Compile check pthread_setname_gnu (HAVE_PTHREAD_SETNAME_GNU) (sub=0): gcc -I/usr/local/Cellar/openssl@3/3.2.1/include -I/usr/local/Cellar/openssl@3/3.2.1/include -I/usr/local/Cellar/zstd/1.5.5/include -I/usr/local/Cellar/lz4/1.9.4/include -I/usr/local/opt/openssl@3/include -gstrict-dwarf -O2 -fPIC -Wall -Wsign-compare -Wfloat-equal -Wpointer-arith -Wcast-align -Wall -Werror _mkltmpiO5AQj.c -o _mkltmpiO5AQj.c.o  -L/usr/local/opt/openssl@3/lib -L/Users/arjunts/Documents/react-node-projects/Kafka/node-kafka-producer-consumer/node_modules/node-rdkafka/build/deps -D_GNU_SOURCE -lpthread -L/usr/local/Cellar/lz4/1.9.4/lib -llz4 -lm -lcurl -L/usr/local/Cellar/zstd/1.5.5/lib -lzstd -lsasl2 -L/usr/local/Cellar/openssl@3/3.2.1/lib -lssl -L/usr/local/Cellar/openssl@3/3.2.1/lib -lcrypto -lz -ldl -lpthread
DBG 13589: compile check for pthread_setname_gnu (HAVE_PTHREAD_SETNAME_GNU) failed: gcc -I/usr/local/Cellar/openssl@3/3.2.1/include -I/usr/local/Cellar/openssl@3/3.2.1/include -I/usr/local/Cellar/zstd/1.5.5/include -I/usr/local/Cellar/lz4/1.9.4/include -I/usr/local/opt/openssl@3/include -gstrict-dwarf -O2 -fPIC -Wall -Wsign-compare -Wfloat-equal -Wpointer-arith -Wcast-align -Wall -Werror _mkltmpiO5AQj.c -o _mkltmpiO5AQj.c.o  -L/usr/local/opt/openssl@3/lib -L/Users/arjunts/Documents/react-node-projects/Kafka/node-kafka-producer-consumer/node_modules/node-rdkafka/build/deps -D_GNU_SOURCE -lpthread -L/usr/local/Cellar/lz4/1.9.4/lib -llz4 -lm -lcurl -L/usr/local/Cellar/zstd/1.5.5/lib -lzstd -lsasl2 -L/usr/local/Cellar/openssl@3/3.2.1/lib -lssl -L/usr/local/Cellar/openssl@3/3.2.1/lib -lcrypto -lz -ldl -lpthread: _mkltmpiO5AQj.c:5:38: error: too many arguments to function call, expected 1, have 2
  pthread_setname_np(pthread_self(), "abc");
  ~~~~~~~~~~~~~~~~~~                 ^~~~~
/Library/Developer/CommandLineTools/SDKs/MacOSX.sdk/usr/include/pthread.h:535:5: note: 'pthread_setname_np' declared here
int     pthread_setname_np(const char*);
        ^
1 error generated.
DBG 13589: Setting pthread_setname_gnu (pthread_setname_gnu) status to failed (action disable)
DBG 13589: Check pthread_setname_gnu (HAVE_PTHREAD_SETNAME_GNU, action disable (originally disable)) failed: compile check failed:
CC: CC
flags: -D_GNU_SOURCE -lpthread
gcc -I/usr/local/Cellar/openssl@3/3.2.1/include -I/usr/local/Cellar/openssl@3/3.2.1/include -I/usr/local/Cellar/zstd/1.5.5/include -I/usr/local/Cellar/lz4/1.9.4/include -I/usr/local/opt/openssl@3/include -gstrict-dwarf -O2 -fPIC -Wall -Wsign-compare -Wfloat-equal -Wpointer-arith -Wcast-align -Wall -Werror _mkltmpiO5AQj.c -o _mkltmpiO5AQj.c.o  -L/usr/local/opt/openssl@3/lib -L/Users/arjunts/Documents/react-node-projects/Kafka/node-kafka-producer-consumer/node_modules/node-rdkafka/build/deps -D_GNU_SOURCE -lpthread -L/usr/local/Cellar/lz4/1.9.4/lib -llz4 -lm -lcurl -L/usr/local/Cellar/zstd/1.5.5/lib -lzstd -lsasl2 -L/usr/local/Cellar/openssl@3/3.2.1/lib -lssl -L/usr/local/Cellar/openssl@3/3.2.1/lib -lcrypto -lz -ldl -lpthread:
_mkltmpiO5AQj.c:5:38: error: too many arguments to function call, expected 1, have 2
  pthread_setname_np(pthread_self(), "abc");
  ~~~~~~~~~~~~~~~~~~                 ^~~~~
/Library/Developer/CommandLineTools/SDKs/MacOSX.sdk/usr/include/pthread.h:535:5: note: 'pthread_setname_np' declared here
int     pthread_setname_np(const char*);
        ^
1 error generated.
source: 
#include <pthread.h>

void foo (void) {
  pthread_setname_np(pthread_self(), "abc");
}

DBG 13589: Compile check pthread_setname_darwin (HAVE_PTHREAD_SETNAME_DARWIN) (sub=0): gcc -I/usr/local/Cellar/openssl@3/3.2.1/include -I/usr/local/Cellar/openssl@3/3.2.1/include -I/usr/local/Cellar/zstd/1.5.5/include -I/usr/local/Cellar/lz4/1.9.4/include -I/usr/local/opt/openssl@3/include -gstrict-dwarf -O2 -fPIC -Wall -Wsign-compare -Wfloat-equal -Wpointer-arith -Wcast-align -Wall -Werror _mkltmpNkZgnF.c -o _mkltmpNkZgnF.c.o  -L/usr/local/opt/openssl@3/lib -L/Users/arjunts/Documents/react-node-projects/Kafka/node-kafka-producer-consumer/node_modules/node-rdkafka/build/deps -D_DARWIN_C_SOURCE -lpthread -L/usr/local/Cellar/lz4/1.9.4/lib -llz4 -lm -lcurl -L/usr/local/Cellar/zstd/1.5.5/lib -lzstd -lsasl2 -L/usr/local/Cellar/openssl@3/3.2.1/lib -lssl -L/usr/local/Cellar/openssl@3/3.2.1/lib -lcrypto -lz -ldl -lpthread
DBG 13589: Setting pthread_setname_darwin (pthread_setname_darwin) status to ok (action disable)
DBG 13589: Setting nm (nm) status to ok (action cont)
DBG 13589: Compile check getrusage (HAVE_GETRUSAGE) (sub=0): gcc -I/usr/local/Cellar/openssl@3/3.2.1/include -I/usr/local/Cellar/openssl@3/3.2.1/include -I/usr/local/Cellar/zstd/1.5.5/include -I/usr/local/Cellar/lz4/1.9.4/include -I/usr/local/opt/openssl@3/include -gstrict-dwarf -O2 -fPIC -Wall -Wsign-compare -Wfloat-equal -Wpointer-arith -Wcast-align -Wall -Werror _mkltmpIkeClz.c -o _mkltmpIkeClz.c.o  -L/usr/local/opt/openssl@3/lib -L/Users/arjunts/Documents/react-node-projects/Kafka/node-kafka-producer-consumer/node_modules/node-rdkafka/build/deps  -L/usr/local/Cellar/lz4/1.9.4/lib -llz4 -lm -lcurl -L/usr/local/Cellar/zstd/1.5.5/lib -lzstd -lsasl2 -L/usr/local/Cellar/openssl@3/3.2.1/lib -lssl -L/usr/local/Cellar/openssl@3/3.2.1/lib -lcrypto -lz -ldl -lpthread
DBG 13589: Setting getrusage (getrusage) status to ok (action disable)
DBG 13589: Ignoring arg -L/usr/local/Cellar/lz4/1.9.4/lib from LIBS while building STATIC and DYNAMIC lists
DBG 13589: Ignoring arg -L/usr/local/Cellar/zstd/1.5.5/lib from LIBS while building STATIC and DYNAMIC lists
DBG 13589: Ignoring arg -L/usr/local/Cellar/openssl@3/3.2.1/lib from LIBS while building STATIC and DYNAMIC lists
DBG 13589: Ignoring arg -L/usr/local/Cellar/openssl@3/3.2.1/lib from LIBS while building STATIC and DYNAMIC lists
